#
# There is insufficient memory for the Java Runtime Environment to continue.
# Native memory allocation (malloc) failed to allocate 1407376 bytes for Chunk::new
# Possible reasons:
#   The system is out of physical RAM or swap space
#   The process is running with CompressedOops enabled, and the Java Heap may be blocking the growth of the native heap
# Possible solutions:
#   Reduce memory load on the system
#   Increase physical memory or swap space
#   Check if swap backing store is full
#   Decrease Java heap size (-Xmx/-Xms)
#   Decrease number of Java threads
#   Decrease Java thread stack sizes (-Xss)
#   Set larger code cache with -XX:ReservedCodeCacheSize=
#   JVM is running with Unscaled Compressed Oops mode in which the Java heap is
#     placed in the first 4GB address space. The Java Heap base address is the
#     maximum limit for the native heap growth. Please use -XX:HeapBaseMinAddress
#     to set the Java Heap base and to place the Java Heap above 4GB virtual address.
# This output file may be truncated or incomplete.
#
#  Out of Memory Error (./open/src/hotspot/share/memory/arena.cpp:197), pid=16304, tid=45088
#
# JRE version: Java(TM) SE Runtime Environment 18.9 (11.0.15+8) (build 11.0.15+8-LTS-149)
# Java VM: Java HotSpot(TM) 64-Bit Server VM 18.9 (11.0.15+8-LTS-149, mixed mode, tiered, compressed oops, g1 gc, windows-amd64)
# No core dump will be written. Minidumps are not enabled by default on client versions of Windows
#

---------------  S U M M A R Y ------------

Command Line: -javaagent:C:\Program Files\JetBrains\IntelliJ IDEA Community Edition 2022.2.1\lib\idea_rt.jar=56268:C:\Program Files\JetBrains\IntelliJ IDEA Community Edition 2022.2.1\bin -Dfile.encoding=UTF-8 com.training.example.ConfigClientApplication

Host: Intel(R) Xeon(R) Platinum 8272CL CPU @ 2.60GHz, 2 cores, 7G,  Windows 10 , 64 bit Build 19041 (10.0.19041.1889)
Time: Mon Sep  5 07:15:10 2022 Coordinated Universal Time elapsed time: 5.106681 seconds (0d 0h 0m 5s)

---------------  T H R E A D  ---------------

Current thread (0x0000028fa7ae3800):  JavaThread "C2 CompilerThread0" daemon [_thread_in_native, id=45088, stack(0x000000bda8d00000,0x000000bda8e00000)]


Current CompileTask:
C2:   5106 2620   !   4       jdk.internal.loader.BuiltinClassLoader::loadClassOrNull (143 bytes)

Stack: [0x000000bda8d00000,0x000000bda8e00000]
Native frames: (J=compiled Java code, j=interpreted, Vv=VM code, C=native code)
V  [jvm.dll+0x629d8a]
V  [jvm.dll+0x7638ff]
V  [jvm.dll+0x764fa9]
V  [jvm.dll+0x765633]
V  [jvm.dll+0x23d9c8]
V  [jvm.dll+0xb2a1c]
V  [jvm.dll+0xb2fdc]
V  [jvm.dll+0x2ae744]
V  [jvm.dll+0x53d4c6]
V  [jvm.dll+0x20089d]
V  [jvm.dll+0x1fa64a]
V  [jvm.dll+0x1f762d]
V  [jvm.dll+0x177c51]
V  [jvm.dll+0x207026]
V  [jvm.dll+0x2051bb]
V  [jvm.dll+0x729820]
V  [jvm.dll+0x7223f4]
V  [jvm.dll+0x628c26]
C  [ucrtbase.dll+0x21bb2]
C  [KERNEL32.DLL+0x17034]
C  [ntdll.dll+0x52651]


---------------  P R O C E S S  ---------------

Threads class SMR info:
_java_thread_list=0x0000028fa9d44da0, length=11, elements={
0x0000028f8a66b800, 0x0000028fa7ac0000, 0x0000028fa7ac0800, 0x0000028fa8362800,
0x0000028fa7ade800, 0x0000028fa7ae1800, 0x0000028fa7ae3800, 0x0000028fa7ae5800,
0x0000028fa7ae8000, 0x0000028fa8493000, 0x0000028fa7ad2800
}

Java Threads: ( => current thread )
  0x0000028f8a66b800 JavaThread "main" [_thread_in_Java, id=51204, stack(0x000000bda8100000,0x000000bda8200000)]
  0x0000028fa7ac0000 JavaThread "Reference Handler" daemon [_thread_blocked, id=32224, stack(0x000000bda8800000,0x000000bda8900000)]
  0x0000028fa7ac0800 JavaThread "Finalizer" daemon [_thread_blocked, id=10172, stack(0x000000bda8900000,0x000000bda8a00000)]
  0x0000028fa8362800 JavaThread "Signal Dispatcher" daemon [_thread_blocked, id=24156, stack(0x000000bda8a00000,0x000000bda8b00000)]
  0x0000028fa7ade800 JavaThread "Attach Listener" daemon [_thread_blocked, id=2288, stack(0x000000bda8b00000,0x000000bda8c00000)]
  0x0000028fa7ae1800 JavaThread "Service Thread" daemon [_thread_blocked, id=21664, stack(0x000000bda8c00000,0x000000bda8d00000)]
=>0x0000028fa7ae3800 JavaThread "C2 CompilerThread0" daemon [_thread_in_native, id=45088, stack(0x000000bda8d00000,0x000000bda8e00000)]
  0x0000028fa7ae5800 JavaThread "C1 CompilerThread0" daemon [_thread_blocked, id=18576, stack(0x000000bda8e00000,0x000000bda8f00000)]
  0x0000028fa7ae8000 JavaThread "Sweeper thread" daemon [_thread_blocked, id=41964, stack(0x000000bda8f00000,0x000000bda9000000)]
  0x0000028fa8493000 JavaThread "Common-Cleaner" daemon [_thread_blocked, id=29840, stack(0x000000bda9000000,0x000000bda9100000)]
  0x0000028fa7ad2800 JavaThread "Monitor Ctrl-Break" daemon [_thread_in_native, id=21840, stack(0x000000bda9100000,0x000000bda9200000)]

Other Threads:
  0x0000028fa7abf000 VMThread "VM Thread" [stack: 0x000000bda8700000,0x000000bda8800000] [id=41344]
  0x0000028fa85ab800 WatcherThread [stack: 0x000000bda9200000,0x000000bda9300000] [id=17120]
  0x0000028f8a680800 GCTaskThread "GC Thread#0" [stack: 0x000000bda8200000,0x000000bda8300000] [id=31268]
  0x0000028fa8dcc800 GCTaskThread "GC Thread#1" [stack: 0x000000bda9300000,0x000000bda9400000] [id=43720]
  0x0000028f8a6b1800 ConcurrentGCThread "G1 Main Marker" [stack: 0x000000bda8300000,0x000000bda8400000] [id=18728]
  0x0000028f8a6b3800 ConcurrentGCThread "G1 Conc#0" [stack: 0x000000bda8400000,0x000000bda8500000] [id=50080]
  0x0000028f8a73c000 ConcurrentGCThread "G1 Refine#0" [stack: 0x000000bda8500000,0x000000bda8600000] [id=6976]
  0x0000028f8a73d800 ConcurrentGCThread "G1 Young RemSet Sampling" [stack: 0x000000bda8600000,0x000000bda8700000] [id=12664]

Threads with active compile tasks:
C2 CompilerThread0   5136 2620   !   4       jdk.internal.loader.BuiltinClassLoader::loadClassOrNull (143 bytes)

VM state:not at safepoint (normal execution)

VM Mutex/Monitor currently owned by a thread: None

Heap address: 0x0000000080000000, size: 2048 MB, Compressed Oops mode: 32-bit
Narrow klass base: 0x0000000000000000, Narrow klass shift: 3
Compressed class space size: 1073741824 Address: 0x0000000100000000

Heap:
 garbage-first heap   total 157696K, used 28262K [0x0000000080000000, 0x0000000100000000)
  region size 1024K, 25 young (25600K), 4 survivors (4096K)
 Metaspace       used 28460K, capacity 29133K, committed 29360K, reserved 1075200K
  class space    used 3226K, capacity 3535K, committed 3584K, reserved 1048576K
Heap Regions: E=young(eden), S=young(survivor), O=old, HS=humongous(starts), HC=humongous(continues), CS=collection set, F=free, A=archive, TAMS=top-at-mark-start (previous, next)
|   0|0x0000000080000000, 0x0000000080100000, 0x0000000080100000|100%| O|  |TAMS 0x0000000080100000, 0x0000000080000000| Untracked 
|   1|0x0000000080100000, 0x0000000080200000, 0x0000000080200000|100%| O|  |TAMS 0x0000000080200000, 0x0000000080100000| Untracked 
|   2|0x0000000080200000, 0x0000000080300000, 0x0000000080300000|100%| O|  |TAMS 0x0000000080300000, 0x0000000080200000| Untracked 
|   3|0x0000000080300000, 0x00000000803dde00, 0x0000000080400000| 86%| O|  |TAMS 0x00000000803dde00, 0x0000000080300000| Untracked 
|   4|0x0000000080400000, 0x0000000080400000, 0x0000000080500000|  0%| F|  |TAMS 0x0000000080400000, 0x0000000080400000| Untracked 
|   5|0x0000000080500000, 0x0000000080500000, 0x0000000080600000|  0%| F|  |TAMS 0x0000000080500000, 0x0000000080500000| Untracked 
|   6|0x0000000080600000, 0x0000000080600000, 0x0000000080700000|  0%| F|  |TAMS 0x0000000080600000, 0x0000000080600000| Untracked 
|   7|0x0000000080700000, 0x0000000080700000, 0x0000000080800000|  0%| F|  |TAMS 0x0000000080700000, 0x0000000080700000| Untracked 
|   8|0x0000000080800000, 0x0000000080800000, 0x0000000080900000|  0%| F|  |TAMS 0x0000000080800000, 0x0000000080800000| Untracked 
|   9|0x0000000080900000, 0x0000000080900000, 0x0000000080a00000|  0%| F|  |TAMS 0x0000000080900000, 0x0000000080900000| Untracked 
|  10|0x0000000080a00000, 0x0000000080a00000, 0x0000000080b00000|  0%| F|  |TAMS 0x0000000080a00000, 0x0000000080a00000| Untracked 
|  11|0x0000000080b00000, 0x0000000080b00000, 0x0000000080c00000|  0%| F|  |TAMS 0x0000000080b00000, 0x0000000080b00000| Untracked 
|  12|0x0000000080c00000, 0x0000000080c00000, 0x0000000080d00000|  0%| F|  |TAMS 0x0000000080c00000, 0x0000000080c00000| Untracked 
|  13|0x0000000080d00000, 0x0000000080d00000, 0x0000000080e00000|  0%| F|  |TAMS 0x0000000080d00000, 0x0000000080d00000| Untracked 
|  14|0x0000000080e00000, 0x0000000080e00000, 0x0000000080f00000|  0%| F|  |TAMS 0x0000000080e00000, 0x0000000080e00000| Untracked 
|  15|0x0000000080f00000, 0x0000000080f00000, 0x0000000081000000|  0%| F|  |TAMS 0x0000000080f00000, 0x0000000080f00000| Untracked 
|  16|0x0000000081000000, 0x0000000081000000, 0x0000000081100000|  0%| F|  |TAMS 0x0000000081000000, 0x0000000081000000| Untracked 
|  17|0x0000000081100000, 0x0000000081100000, 0x0000000081200000|  0%| F|  |TAMS 0x0000000081100000, 0x0000000081100000| Untracked 
|  18|0x0000000081200000, 0x0000000081200000, 0x0000000081300000|  0%| F|  |TAMS 0x0000000081200000, 0x0000000081200000| Untracked 
|  19|0x0000000081300000, 0x0000000081300000, 0x0000000081400000|  0%| F|  |TAMS 0x0000000081300000, 0x0000000081300000| Untracked 
|  20|0x0000000081400000, 0x0000000081400000, 0x0000000081500000|  0%| F|  |TAMS 0x0000000081400000, 0x0000000081400000| Untracked 
|  21|0x0000000081500000, 0x0000000081500000, 0x0000000081600000|  0%| F|  |TAMS 0x0000000081500000, 0x0000000081500000| Untracked 
|  22|0x0000000081600000, 0x0000000081600000, 0x0000000081700000|  0%| F|  |TAMS 0x0000000081600000, 0x0000000081600000| Untracked 
|  23|0x0000000081700000, 0x0000000081700000, 0x0000000081800000|  0%| F|  |TAMS 0x0000000081700000, 0x0000000081700000| Untracked 
|  24|0x0000000081800000, 0x0000000081800000, 0x0000000081900000|  0%| F|  |TAMS 0x0000000081800000, 0x0000000081800000| Untracked 
|  25|0x0000000081900000, 0x0000000081900000, 0x0000000081a00000|  0%| F|  |TAMS 0x0000000081900000, 0x0000000081900000| Untracked 
|  26|0x0000000081a00000, 0x0000000081a00000, 0x0000000081b00000|  0%| F|  |TAMS 0x0000000081a00000, 0x0000000081a00000| Untracked 
|  27|0x0000000081b00000, 0x0000000081b00000, 0x0000000081c00000|  0%| F|  |TAMS 0x0000000081b00000, 0x0000000081b00000| Untracked 
|  28|0x0000000081c00000, 0x0000000081c00000, 0x0000000081d00000|  0%| F|  |TAMS 0x0000000081c00000, 0x0000000081c00000| Untracked 
|  29|0x0000000081d00000, 0x0000000081d00000, 0x0000000081e00000|  0%| F|  |TAMS 0x0000000081d00000, 0x0000000081d00000| Untracked 
|  30|0x0000000081e00000, 0x0000000081e00000, 0x0000000081f00000|  0%| F|  |TAMS 0x0000000081e00000, 0x0000000081e00000| Untracked 
|  31|0x0000000081f00000, 0x0000000081f00000, 0x0000000082000000|  0%| F|  |TAMS 0x0000000081f00000, 0x0000000081f00000| Untracked 
|  32|0x0000000082000000, 0x0000000082000000, 0x0000000082100000|  0%| F|  |TAMS 0x0000000082000000, 0x0000000082000000| Untracked 
|  33|0x0000000082100000, 0x0000000082100000, 0x0000000082200000|  0%| F|  |TAMS 0x0000000082100000, 0x0000000082100000| Untracked 
|  34|0x0000000082200000, 0x0000000082200000, 0x0000000082300000|  0%| F|  |TAMS 0x0000000082200000, 0x0000000082200000| Untracked 
|  35|0x0000000082300000, 0x0000000082300000, 0x0000000082400000|  0%| F|  |TAMS 0x0000000082300000, 0x0000000082300000| Untracked 
|  36|0x0000000082400000, 0x0000000082400000, 0x0000000082500000|  0%| F|  |TAMS 0x0000000082400000, 0x0000000082400000| Untracked 
|  37|0x0000000082500000, 0x0000000082500000, 0x0000000082600000|  0%| F|  |TAMS 0x0000000082500000, 0x0000000082500000| Untracked 
|  38|0x0000000082600000, 0x0000000082600000, 0x0000000082700000|  0%| F|  |TAMS 0x0000000082600000, 0x0000000082600000| Untracked 
|  39|0x0000000082700000, 0x0000000082700000, 0x0000000082800000|  0%| F|  |TAMS 0x0000000082700000, 0x0000000082700000| Untracked 
|  40|0x0000000082800000, 0x0000000082800000, 0x0000000082900000|  0%| F|  |TAMS 0x0000000082800000, 0x0000000082800000| Untracked 
|  41|0x0000000082900000, 0x0000000082900000, 0x0000000082a00000|  0%| F|  |TAMS 0x0000000082900000, 0x0000000082900000| Untracked 
|  42|0x0000000082a00000, 0x0000000082a00000, 0x0000000082b00000|  0%| F|  |TAMS 0x0000000082a00000, 0x0000000082a00000| Untracked 
|  43|0x0000000082b00000, 0x0000000082b00000, 0x0000000082c00000|  0%| F|  |TAMS 0x0000000082b00000, 0x0000000082b00000| Untracked 
|  44|0x0000000082c00000, 0x0000000082c00000, 0x0000000082d00000|  0%| F|  |TAMS 0x0000000082c00000, 0x0000000082c00000| Untracked 
|  45|0x0000000082d00000, 0x0000000082d00000, 0x0000000082e00000|  0%| F|  |TAMS 0x0000000082d00000, 0x0000000082d00000| Untracked 
|  46|0x0000000082e00000, 0x0000000082e00000, 0x0000000082f00000|  0%| F|  |TAMS 0x0000000082e00000, 0x0000000082e00000| Untracked 
|  47|0x0000000082f00000, 0x0000000082f00000, 0x0000000083000000|  0%| F|  |TAMS 0x0000000082f00000, 0x0000000082f00000| Untracked 
|  48|0x0000000083000000, 0x0000000083000000, 0x0000000083100000|  0%| F|  |TAMS 0x0000000083000000, 0x0000000083000000| Untracked 
|  49|0x0000000083100000, 0x0000000083100000, 0x0000000083200000|  0%| F|  |TAMS 0x0000000083100000, 0x0000000083100000| Untracked 
|  50|0x0000000083200000, 0x0000000083200000, 0x0000000083300000|  0%| F|  |TAMS 0x0000000083200000, 0x0000000083200000| Untracked 
|  51|0x0000000083300000, 0x0000000083300000, 0x0000000083400000|  0%| F|  |TAMS 0x0000000083300000, 0x0000000083300000| Untracked 
|  52|0x0000000083400000, 0x0000000083400000, 0x0000000083500000|  0%| F|  |TAMS 0x0000000083400000, 0x0000000083400000| Untracked 
|  53|0x0000000083500000, 0x0000000083500000, 0x0000000083600000|  0%| F|  |TAMS 0x0000000083500000, 0x0000000083500000| Untracked 
|  54|0x0000000083600000, 0x0000000083600000, 0x0000000083700000|  0%| F|  |TAMS 0x0000000083600000, 0x0000000083600000| Untracked 
|  55|0x0000000083700000, 0x0000000083700000, 0x0000000083800000|  0%| F|  |TAMS 0x0000000083700000, 0x0000000083700000| Untracked 
|  56|0x0000000083800000, 0x0000000083800000, 0x0000000083900000|  0%| F|  |TAMS 0x0000000083800000, 0x0000000083800000| Untracked 
|  57|0x0000000083900000, 0x0000000083900000, 0x0000000083a00000|  0%| F|  |TAMS 0x0000000083900000, 0x0000000083900000| Untracked 
|  58|0x0000000083a00000, 0x0000000083a00000, 0x0000000083b00000|  0%| F|  |TAMS 0x0000000083a00000, 0x0000000083a00000| Untracked 
|  59|0x0000000083b00000, 0x0000000083b00000, 0x0000000083c00000|  0%| F|  |TAMS 0x0000000083b00000, 0x0000000083b00000| Untracked 
|  60|0x0000000083c00000, 0x0000000083c00000, 0x0000000083d00000|  0%| F|  |TAMS 0x0000000083c00000, 0x0000000083c00000| Untracked 
|  61|0x0000000083d00000, 0x0000000083d00000, 0x0000000083e00000|  0%| F|  |TAMS 0x0000000083d00000, 0x0000000083d00000| Untracked 
|  62|0x0000000083e00000, 0x0000000083e00000, 0x0000000083f00000|  0%| F|  |TAMS 0x0000000083e00000, 0x0000000083e00000| Untracked 
|  63|0x0000000083f00000, 0x0000000083f00000, 0x0000000084000000|  0%| F|  |TAMS 0x0000000083f00000, 0x0000000083f00000| Untracked 
|  64|0x0000000084000000, 0x0000000084000000, 0x0000000084100000|  0%| F|  |TAMS 0x0000000084000000, 0x0000000084000000| Untracked 
|  65|0x0000000084100000, 0x0000000084100000, 0x0000000084200000|  0%| F|  |TAMS 0x0000000084100000, 0x0000000084100000| Untracked 
|  66|0x0000000084200000, 0x0000000084200000, 0x0000000084300000|  0%| F|  |TAMS 0x0000000084200000, 0x0000000084200000| Untracked 
|  67|0x0000000084300000, 0x0000000084300000, 0x0000000084400000|  0%| F|  |TAMS 0x0000000084300000, 0x0000000084300000| Untracked 
|  68|0x0000000084400000, 0x0000000084400000, 0x0000000084500000|  0%| F|  |TAMS 0x0000000084400000, 0x0000000084400000| Untracked 
|  69|0x0000000084500000, 0x0000000084500000, 0x0000000084600000|  0%| F|  |TAMS 0x0000000084500000, 0x0000000084500000| Untracked 
|  70|0x0000000084600000, 0x0000000084600000, 0x0000000084700000|  0%| F|  |TAMS 0x0000000084600000, 0x0000000084600000| Untracked 
|  71|0x0000000084700000, 0x0000000084700000, 0x0000000084800000|  0%| F|  |TAMS 0x0000000084700000, 0x0000000084700000| Untracked 
|  72|0x0000000084800000, 0x0000000084800000, 0x0000000084900000|  0%| F|  |TAMS 0x0000000084800000, 0x0000000084800000| Untracked 
|  73|0x0000000084900000, 0x0000000084900000, 0x0000000084a00000|  0%| F|  |TAMS 0x0000000084900000, 0x0000000084900000| Untracked 
|  74|0x0000000084a00000, 0x0000000084a00000, 0x0000000084b00000|  0%| F|  |TAMS 0x0000000084a00000, 0x0000000084a00000| Untracked 
|  75|0x0000000084b00000, 0x0000000084b00000, 0x0000000084c00000|  0%| F|  |TAMS 0x0000000084b00000, 0x0000000084b00000| Untracked 
|  76|0x0000000084c00000, 0x0000000084c00000, 0x0000000084d00000|  0%| F|  |TAMS 0x0000000084c00000, 0x0000000084c00000| Untracked 
|  77|0x0000000084d00000, 0x0000000084d00000, 0x0000000084e00000|  0%| F|  |TAMS 0x0000000084d00000, 0x0000000084d00000| Untracked 
|  78|0x0000000084e00000, 0x0000000084e00000, 0x0000000084f00000|  0%| F|  |TAMS 0x0000000084e00000, 0x0000000084e00000| Untracked 
|  79|0x0000000084f00000, 0x0000000084f00000, 0x0000000085000000|  0%| F|  |TAMS 0x0000000084f00000, 0x0000000084f00000| Untracked 
|  80|0x0000000085000000, 0x0000000085000000, 0x0000000085100000|  0%| F|  |TAMS 0x0000000085000000, 0x0000000085000000| Untracked 
|  81|0x0000000085100000, 0x0000000085100000, 0x0000000085200000|  0%| F|  |TAMS 0x0000000085100000, 0x0000000085100000| Untracked 
|  82|0x0000000085200000, 0x0000000085200000, 0x0000000085300000|  0%| F|  |TAMS 0x0000000085200000, 0x0000000085200000| Untracked 
|  83|0x0000000085300000, 0x0000000085300000, 0x0000000085400000|  0%| F|  |TAMS 0x0000000085300000, 0x0000000085300000| Untracked 
|  84|0x0000000085400000, 0x0000000085400000, 0x0000000085500000|  0%| F|  |TAMS 0x0000000085400000, 0x0000000085400000| Untracked 
|  85|0x0000000085500000, 0x0000000085500000, 0x0000000085600000|  0%| F|  |TAMS 0x0000000085500000, 0x0000000085500000| Untracked 
|  86|0x0000000085600000, 0x0000000085600000, 0x0000000085700000|  0%| F|  |TAMS 0x0000000085600000, 0x0000000085600000| Untracked 
|  87|0x0000000085700000, 0x0000000085700000, 0x0000000085800000|  0%| F|  |TAMS 0x0000000085700000, 0x0000000085700000| Untracked 
|  88|0x0000000085800000, 0x0000000085800000, 0x0000000085900000|  0%| F|  |TAMS 0x0000000085800000, 0x0000000085800000| Untracked 
|  89|0x0000000085900000, 0x0000000085900000, 0x0000000085a00000|  0%| F|  |TAMS 0x0000000085900000, 0x0000000085900000| Untracked 
|  90|0x0000000085a00000, 0x0000000085a00000, 0x0000000085b00000|  0%| F|  |TAMS 0x0000000085a00000, 0x0000000085a00000| Untracked 
|  91|0x0000000085b00000, 0x0000000085b00000, 0x0000000085c00000|  0%| F|  |TAMS 0x0000000085b00000, 0x0000000085b00000| Untracked 
|  92|0x0000000085c00000, 0x0000000085c00000, 0x0000000085d00000|  0%| F|  |TAMS 0x0000000085c00000, 0x0000000085c00000| Untracked 
|  93|0x0000000085d00000, 0x0000000085d00000, 0x0000000085e00000|  0%| F|  |TAMS 0x0000000085d00000, 0x0000000085d00000| Untracked 
|  94|0x0000000085e00000, 0x0000000085e00000, 0x0000000085f00000|  0%| F|  |TAMS 0x0000000085e00000, 0x0000000085e00000| Untracked 
|  95|0x0000000085f00000, 0x0000000085f00000, 0x0000000086000000|  0%| F|  |TAMS 0x0000000085f00000, 0x0000000085f00000| Untracked 
|  96|0x0000000086000000, 0x0000000086000000, 0x0000000086100000|  0%| F|  |TAMS 0x0000000086000000, 0x0000000086000000| Untracked 
|  97|0x0000000086100000, 0x0000000086100000, 0x0000000086200000|  0%| F|  |TAMS 0x0000000086100000, 0x0000000086100000| Untracked 
|  98|0x0000000086200000, 0x0000000086200000, 0x0000000086300000|  0%| F|  |TAMS 0x0000000086200000, 0x0000000086200000| Untracked 
|  99|0x0000000086300000, 0x0000000086300000, 0x0000000086400000|  0%| F|  |TAMS 0x0000000086300000, 0x0000000086300000| Untracked 
| 100|0x0000000086400000, 0x0000000086400000, 0x0000000086500000|  0%| F|  |TAMS 0x0000000086400000, 0x0000000086400000| Untracked 
| 101|0x0000000086500000, 0x0000000086500000, 0x0000000086600000|  0%| F|  |TAMS 0x0000000086500000, 0x0000000086500000| Untracked 
| 102|0x0000000086600000, 0x0000000086600000, 0x0000000086700000|  0%| F|  |TAMS 0x0000000086600000, 0x0000000086600000| Untracked 
| 103|0x0000000086700000, 0x0000000086700000, 0x0000000086800000|  0%| F|  |TAMS 0x0000000086700000, 0x0000000086700000| Untracked 
| 104|0x0000000086800000, 0x0000000086800000, 0x0000000086900000|  0%| F|  |TAMS 0x0000000086800000, 0x0000000086800000| Untracked 
| 105|0x0000000086900000, 0x0000000086900000, 0x0000000086a00000|  0%| F|  |TAMS 0x0000000086900000, 0x0000000086900000| Untracked 
| 106|0x0000000086a00000, 0x0000000086a00000, 0x0000000086b00000|  0%| F|  |TAMS 0x0000000086a00000, 0x0000000086a00000| Untracked 
| 107|0x0000000086b00000, 0x0000000086b00000, 0x0000000086c00000|  0%| F|  |TAMS 0x0000000086b00000, 0x0000000086b00000| Untracked 
| 108|0x0000000086c00000, 0x0000000086c00000, 0x0000000086d00000|  0%| F|  |TAMS 0x0000000086c00000, 0x0000000086c00000| Untracked 
| 109|0x0000000086d00000, 0x0000000086d00000, 0x0000000086e00000|  0%| F|  |TAMS 0x0000000086d00000, 0x0000000086d00000| Untracked 
| 110|0x0000000086e00000, 0x0000000086e00000, 0x0000000086f00000|  0%| F|  |TAMS 0x0000000086e00000, 0x0000000086e00000| Untracked 
| 111|0x0000000086f00000, 0x0000000086f00000, 0x0000000087000000|  0%| F|  |TAMS 0x0000000086f00000, 0x0000000086f00000| Untracked 
| 112|0x0000000087000000, 0x0000000087000000, 0x0000000087100000|  0%| F|  |TAMS 0x0000000087000000, 0x0000000087000000| Untracked 
| 113|0x0000000087100000, 0x0000000087100000, 0x0000000087200000|  0%| F|  |TAMS 0x0000000087100000, 0x0000000087100000| Untracked 
| 114|0x0000000087200000, 0x0000000087200000, 0x0000000087300000|  0%| F|  |TAMS 0x0000000087200000, 0x0000000087200000| Untracked 
| 115|0x0000000087300000, 0x0000000087300000, 0x0000000087400000|  0%| F|  |TAMS 0x0000000087300000, 0x0000000087300000| Untracked 
| 116|0x0000000087400000, 0x0000000087400000, 0x0000000087500000|  0%| F|  |TAMS 0x0000000087400000, 0x0000000087400000| Untracked 
| 117|0x0000000087500000, 0x0000000087500000, 0x0000000087600000|  0%| F|  |TAMS 0x0000000087500000, 0x0000000087500000| Untracked 
| 118|0x0000000087600000, 0x0000000087600000, 0x0000000087700000|  0%| F|  |TAMS 0x0000000087600000, 0x0000000087600000| Untracked 
| 119|0x0000000087700000, 0x0000000087700000, 0x0000000087800000|  0%| F|  |TAMS 0x0000000087700000, 0x0000000087700000| Untracked 
| 120|0x0000000087800000, 0x0000000087800000, 0x0000000087900000|  0%| F|  |TAMS 0x0000000087800000, 0x0000000087800000| Untracked 
| 121|0x0000000087900000, 0x0000000087900000, 0x0000000087a00000|  0%| F|  |TAMS 0x0000000087900000, 0x0000000087900000| Untracked 
| 122|0x0000000087a00000, 0x0000000087a00000, 0x0000000087b00000|  0%| F|  |TAMS 0x0000000087a00000, 0x0000000087a00000| Untracked 
| 123|0x0000000087b00000, 0x0000000087b00000, 0x0000000087c00000|  0%| F|  |TAMS 0x0000000087b00000, 0x0000000087b00000| Untracked 
| 124|0x0000000087c00000, 0x0000000087c00000, 0x0000000087d00000|  0%| F|  |TAMS 0x0000000087c00000, 0x0000000087c00000| Untracked 
| 125|0x0000000087d00000, 0x0000000087dbbce0, 0x0000000087e00000| 73%| S|CS|TAMS 0x0000000087d00000, 0x0000000087d00000| Complete 
| 126|0x0000000087e00000, 0x0000000087f00000, 0x0000000087f00000|100%| S|CS|TAMS 0x0000000087e00000, 0x0000000087e00000| Complete 
| 127|0x0000000087f00000, 0x0000000088000000, 0x0000000088000000|100%| S|CS|TAMS 0x0000000087f00000, 0x0000000087f00000| Complete 
| 128|0x0000000088000000, 0x0000000088100000, 0x0000000088100000|100%| S|CS|TAMS 0x0000000088000000, 0x0000000088000000| Complete 
| 129|0x0000000088100000, 0x0000000088100000, 0x0000000088200000|  0%| F|  |TAMS 0x0000000088100000, 0x0000000088100000| Untracked 
| 130|0x0000000088200000, 0x0000000088200000, 0x0000000088300000|  0%| F|  |TAMS 0x0000000088200000, 0x0000000088200000| Untracked 
| 131|0x0000000088300000, 0x0000000088300000, 0x0000000088400000|  0%| F|  |TAMS 0x0000000088300000, 0x0000000088300000| Untracked 
| 132|0x0000000088400000, 0x0000000088481c10, 0x0000000088500000| 50%| E|  |TAMS 0x0000000088400000, 0x0000000088400000| Complete 
| 133|0x0000000088500000, 0x0000000088600000, 0x0000000088600000|100%| E|CS|TAMS 0x0000000088500000, 0x0000000088500000| Complete 
| 134|0x0000000088600000, 0x0000000088700000, 0x0000000088700000|100%| E|CS|TAMS 0x0000000088600000, 0x0000000088600000| Complete 
| 135|0x0000000088700000, 0x0000000088800000, 0x0000000088800000|100%| E|CS|TAMS 0x0000000088700000, 0x0000000088700000| Complete 
| 136|0x0000000088800000, 0x0000000088900000, 0x0000000088900000|100%| E|CS|TAMS 0x0000000088800000, 0x0000000088800000| Complete 
| 137|0x0000000088900000, 0x0000000088a00000, 0x0000000088a00000|100%| E|CS|TAMS 0x0000000088900000, 0x0000000088900000| Complete 
| 138|0x0000000088a00000, 0x0000000088b00000, 0x0000000088b00000|100%| E|CS|TAMS 0x0000000088a00000, 0x0000000088a00000| Complete 
| 139|0x0000000088b00000, 0x0000000088c00000, 0x0000000088c00000|100%| E|CS|TAMS 0x0000000088b00000, 0x0000000088b00000| Complete 
| 140|0x0000000088c00000, 0x0000000088d00000, 0x0000000088d00000|100%| E|CS|TAMS 0x0000000088c00000, 0x0000000088c00000| Complete 
| 141|0x0000000088d00000, 0x0000000088e00000, 0x0000000088e00000|100%| E|CS|TAMS 0x0000000088d00000, 0x0000000088d00000| Complete 
| 142|0x0000000088e00000, 0x0000000088f00000, 0x0000000088f00000|100%| E|CS|TAMS 0x0000000088e00000, 0x0000000088e00000| Complete 
| 143|0x0000000088f00000, 0x0000000089000000, 0x0000000089000000|100%| E|CS|TAMS 0x0000000088f00000, 0x0000000088f00000| Complete 
| 144|0x0000000089000000, 0x0000000089100000, 0x0000000089100000|100%| E|CS|TAMS 0x0000000089000000, 0x0000000089000000| Complete 
| 145|0x0000000089100000, 0x0000000089200000, 0x0000000089200000|100%| E|CS|TAMS 0x0000000089100000, 0x0000000089100000| Complete 
| 146|0x0000000089200000, 0x0000000089300000, 0x0000000089300000|100%| E|CS|TAMS 0x0000000089200000, 0x0000000089200000| Complete 
| 147|0x0000000089300000, 0x0000000089400000, 0x0000000089400000|100%| E|CS|TAMS 0x0000000089300000, 0x0000000089300000| Complete 
| 148|0x0000000089400000, 0x0000000089500000, 0x0000000089500000|100%| E|CS|TAMS 0x0000000089400000, 0x0000000089400000| Complete 
| 149|0x0000000089500000, 0x0000000089600000, 0x0000000089600000|100%| E|CS|TAMS 0x0000000089500000, 0x0000000089500000| Complete 
| 150|0x0000000089600000, 0x0000000089700000, 0x0000000089700000|100%| E|CS|TAMS 0x0000000089600000, 0x0000000089600000| Complete 
| 151|0x0000000089700000, 0x0000000089800000, 0x0000000089800000|100%| E|CS|TAMS 0x0000000089700000, 0x0000000089700000| Complete 
| 152|0x0000000089800000, 0x0000000089900000, 0x0000000089900000|100%| E|CS|TAMS 0x0000000089800000, 0x0000000089800000| Complete 
| 153|0x0000000089900000, 0x0000000089a00000, 0x0000000089a00000|100%| E|CS|TAMS 0x0000000089900000, 0x0000000089900000| Complete 

Card table byte_map: [0x0000028fa1120000,0x0000028fa1520000] _byte_map_base: 0x0000028fa0d20000

Marking Bits (Prev, Next): (CMBitMap*) 0x0000028f8a6a87f0, (CMBitMap*) 0x0000028f8a6a87b8
 Prev Bits: [0x0000028fa3920000, 0x0000028fa5920000)
 Next Bits: [0x0000028fa1920000, 0x0000028fa3920000)

Polling page: 0x0000028f89e50000

Metaspace:

Usage:
  Non-class:     25.06 MB capacity,    24.68 MB ( 98%) used,   307.92 KB (  1%) free+waste,    84.00 KB ( <1%) overhead. 
      Class:      3.45 MB capacity,     3.16 MB ( 91%) used,   260.55 KB (  7%) free+waste,    41.38 KB (  1%) overhead. 
       Both:     28.51 MB capacity,    27.84 MB ( 98%) used,   568.47 KB (  2%) free+waste,   125.38 KB ( <1%) overhead. 

Virtual space:
  Non-class space:       26.00 MB reserved,      25.17 MB ( 97%) committed 
      Class space:        1.00 GB reserved,       3.50 MB ( <1%) committed 
             Both:        1.03 GB reserved,      28.67 MB (  3%) committed 

Chunk freelists:
   Non-Class:  6.25 KB
       Class:  2.13 KB
        Both:  8.38 KB

CodeHeap 'non-profiled nmethods': size=120064Kb used=1047Kb max_used=1047Kb free=119017Kb
 bounds [0x0000028f997e0000, 0x0000028f99a50000, 0x0000028fa0d20000]
CodeHeap 'profiled nmethods': size=120000Kb used=5825Kb max_used=5825Kb free=114174Kb
 bounds [0x0000028f922b0000, 0x0000028f92870000, 0x0000028f997e0000]
CodeHeap 'non-nmethods': size=5696Kb used=1152Kb max_used=1177Kb free=4544Kb
 bounds [0x0000028f91d20000, 0x0000028f91f90000, 0x0000028f922b0000]
 total_blobs=3174 nmethods=2707 adapters=377
 compilation: enabled
              stopped_count=0, restarted_count=0
 full_count=0

Compilation events (10 events):
Event: 5.094 Thread 0x0000028fa7ae5800 nmethod 2702 0x0000028f92851790 code [0x0000028f92851ca0, 0x0000028f92854368]
Event: 5.095 Thread 0x0000028fa7ae5800 2703       3       jdk.internal.reflect.ClassFileAssembler::emitConstantPoolNameAndType (28 bytes)
Event: 5.095 Thread 0x0000028fa7ae5800 nmethod 2703 0x0000028f92854f10 code [0x0000028f92855140, 0x0000028f928557c8]
Event: 5.095 Thread 0x0000028fa7ae5800 2704       3       jdk.internal.reflect.ClassFileAssembler::incStack (11 bytes)
Event: 5.096 Thread 0x0000028fa7ae5800 nmethod 2704 0x0000028f92855b90 code [0x0000028f92855d20, 0x0000028f92855ed8]
Event: 5.101 Thread 0x0000028fa7ae5800 2705       3       org.springframework.util.ClassUtils::getShortName (8 bytes)
Event: 5.102 Thread 0x0000028fa7ae5800 nmethod 2705 0x0000028f92855f90 code [0x0000028f92856160, 0x0000028f92856468]
Event: 5.102 Thread 0x0000028fa7ae5800 2706       3       org.springframework.context.annotation.AnnotationConfigUtils::attributesFor (9 bytes)
Event: 5.103 Thread 0x0000028fa7ae5800 nmethod 2706 0x0000028f92856610 code [0x0000028f92856840, 0x0000028f92857148]
Event: 5.104 Thread 0x0000028fa7ae5800 2707       3       java.lang.Boolean::hashCode (14 bytes)

GC Heap History (10 events):
Event: 0.919 GC heap before
{Heap before GC invocations=1 (full 0):
 garbage-first heap   total 131072K, used 8192K [0x0000000080000000, 0x0000000100000000)
  region size 1024K, 6 young (6144K), 1 survivors (1024K)
 Metaspace       used 10416K, capacity 10600K, committed 10752K, reserved 1058816K
  class space    used 971K, capacity 1021K, committed 1024K, reserved 1048576K
}
Event: 0.924 GC heap after
{Heap after GC invocations=2 (full 0):
 garbage-first heap   total 131072K, used 4038K [0x0000000080000000, 0x0000000100000000)
  region size 1024K, 1 young (1024K), 1 survivors (1024K)
 Metaspace       used 10416K, capacity 10600K, committed 10752K, reserved 1058816K
  class space    used 971K, capacity 1021K, committed 1024K, reserved 1048576K
}
Event: 1.443 GC heap before
{Heap before GC invocations=2 (full 0):
 garbage-first heap   total 131072K, used 15302K [0x0000000080000000, 0x0000000100000000)
  region size 1024K, 12 young (12288K), 1 survivors (1024K)
 Metaspace       used 14501K, capacity 14802K, committed 14976K, reserved 1062912K
  class space    used 1465K, capacity 1562K, committed 1664K, reserved 1048576K
}
Event: 1.449 GC heap after
{Heap after GC invocations=3 (full 0):
 garbage-first heap   total 131072K, used 4887K [0x0000000080000000, 0x0000000100000000)
  region size 1024K, 2 young (2048K), 2 survivors (2048K)
 Metaspace       used 14501K, capacity 14802K, committed 14976K, reserved 1062912K
  class space    used 1465K, capacity 1562K, committed 1664K, reserved 1048576K
}
Event: 2.163 GC heap before
{Heap before GC invocations=3 (full 0):
 garbage-first heap   total 131072K, used 20247K [0x0000000080000000, 0x0000000100000000)
  region size 1024K, 18 young (18432K), 2 survivors (2048K)
 Metaspace       used 18397K, capacity 18775K, committed 19072K, reserved 1067008K
  class space    used 1919K, capacity 2090K, committed 2176K, reserved 1048576K
}
Event: 2.171 GC heap after
{Heap after GC invocations=4 (full 0):
 garbage-first heap   total 131072K, used 5834K [0x0000000080000000, 0x0000000100000000)
  region size 1024K, 2 young (2048K), 2 survivors (2048K)
 Metaspace       used 18397K, capacity 18775K, committed 19072K, reserved 1067008K
  class space    used 1919K, capacity 2090K, committed 2176K, reserved 1048576K
}
Event: 2.404 GC heap before
{Heap before GC invocations=4 (full 0):
 garbage-first heap   total 131072K, used 15050K [0x0000000080000000, 0x0000000100000000)
  region size 1024K, 13 young (13312K), 2 survivors (2048K)
 Metaspace       used 20661K, capacity 21110K, committed 21296K, reserved 1069056K
  class space    used 2217K, capacity 2407K, committed 2432K, reserved 1048576K
}
Event: 2.411 GC heap after
{Heap after GC invocations=5 (full 0):
 garbage-first heap   total 157696K, used 6007K [0x0000000080000000, 0x0000000100000000)
  region size 1024K, 2 young (2048K), 2 survivors (2048K)
 Metaspace       used 20661K, capacity 21110K, committed 21296K, reserved 1069056K
  class space    used 2217K, capacity 2407K, committed 2432K, reserved 1048576K
}
Event: 4.261 GC heap before
{Heap before GC invocations=6 (full 0):
 garbage-first heap   total 157696K, used 30583K [0x0000000080000000, 0x0000000100000000)
  region size 1024K, 27 young (27648K), 2 survivors (2048K)
 Metaspace       used 26523K, capacity 27135K, committed 27312K, reserved 1073152K
  class space    used 3015K, capacity 3286K, committed 3328K, reserved 1048576K
}
Event: 4.272 GC heap after
{Heap after GC invocations=7 (full 0):
 garbage-first heap   total 157696K, used 7782K [0x0000000080000000, 0x0000000100000000)
  region size 1024K, 4 young (4096K), 4 survivors (4096K)
 Metaspace       used 26523K, capacity 27135K, committed 27312K, reserved 1073152K
  class space    used 3015K, capacity 3286K, committed 3328K, reserved 1048576K
}

Deoptimization events (10 events):
Event: 2.594 Thread 0x0000028f8a66b800 Uncommon trap: reason=unstable_if action=reinterpret pc=0x0000028f998280e4 method=java.util.concurrent.ConcurrentHashMap.get(Ljava/lang/Object;)Ljava/lang/Object; @ 76 c2
Event: 2.595 Thread 0x0000028f8a66b800 Uncommon trap: reason=class_check action=maybe_recompile pc=0x0000028f99838fa0 method=java.util.concurrent.ConcurrentHashMap.putVal(Ljava/lang/Object;Ljava/lang/Object;Z)Ljava/lang/Object; @ 159 c2
Event: 2.612 Thread 0x0000028f8a66b800 Uncommon trap: reason=class_check action=maybe_recompile pc=0x0000028f99838fa0 method=java.util.concurrent.ConcurrentHashMap.putVal(Ljava/lang/Object;Ljava/lang/Object;Z)Ljava/lang/Object; @ 159 c2
Event: 2.669 Thread 0x0000028f8a66b800 Uncommon trap: reason=bimorphic_or_optimized_type_check action=maybe_recompile pc=0x0000028f9982f814 method=java.util.HashMap.putVal(ILjava/lang/Object;Ljava/lang/Object;ZZ)Ljava/lang/Object; @ 253 c2
Event: 4.134 Thread 0x0000028f8a66b800 Uncommon trap: reason=unstable_if action=reinterpret pc=0x0000028f998319f8 method=java.io.WinNTFileSystem.normalize(Ljava/lang/String;)Ljava/lang/String; @ 128 c2
Event: 4.134 Thread 0x0000028f8a66b800 Uncommon trap: reason=unstable_if action=reinterpret pc=0x0000028f9980266c method=java.util.zip.ZipFile$Source.getEntryPos([BZ)I @ 156 c2
Event: 4.871 Thread 0x0000028f8a66b800 Uncommon trap: reason=intrinsic_or_type_checked_inlining action=make_not_entrant pc=0x0000028f998e0158 method=java.util.Arrays.copyOf([Ljava/lang/Object;ILjava/lang/Class;)[Ljava/lang/Object; @ 35 c2
Event: 4.915 Thread 0x0000028f8a66b800 Uncommon trap: reason=class_check action=maybe_recompile pc=0x0000028f997e91dc method=java.lang.String.equals(Ljava/lang/Object;)Z @ 8 c2
Event: 4.915 Thread 0x0000028f8a66b800 Uncommon trap: reason=class_check action=maybe_recompile pc=0x0000028f997e91dc method=java.lang.String.equals(Ljava/lang/Object;)Z @ 8 c2
Event: 4.915 Thread 0x0000028f8a66b800 Uncommon trap: reason=class_check action=maybe_recompile pc=0x0000028f997e91dc method=java.lang.String.equals(Ljava/lang/Object;)Z @ 8 c2

Classes redefined (0 events):
No events

Internal exceptions (10 events):
Event: 4.081 Thread 0x0000028f8a66b800 Exception <a 'java/lang/ClassNotFoundException'{0x00000000886dab70}: org/springframework/context/ResourceLoaderAwareCustomizer> (0x00000000886dab70) thrown at [./open/src/hotspot/share/classfile/systemDictionary.cpp, line 226]
Event: 4.081 Thread 0x0000028f8a66b800 Exception <a 'java/lang/ClassNotFoundException'{0x00000000886e46f8}: org/springframework/beans/factory/AwareCustomizer> (0x00000000886e46f8) thrown at [./open/src/hotspot/share/classfile/systemDictionary.cpp, line 226]
Event: 4.082 Thread 0x0000028f8a66b800 Exception <a 'java/lang/ClassNotFoundException'{0x00000000886ee240}: org/springframework/context/ApplicationStartupAwareCustomizer> (0x00000000886ee240) thrown at [./open/src/hotspot/share/classfile/systemDictionary.cpp, line 226]
Event: 4.082 Thread 0x0000028f8a66b800 Exception <a 'java/lang/ClassNotFoundException'{0x00000000886f8040}: org/springframework/beans/factory/AwareCustomizer> (0x00000000886f8040) thrown at [./open/src/hotspot/share/classfile/systemDictionary.cpp, line 226]
Event: 4.083 Thread 0x0000028f8a66b800 Exception <a 'java/lang/ClassNotFoundException'{0x0000000088502020}: org/springframework/beans/factory/BeanClassLoaderAwareCustomizer> (0x0000000088502020) thrown at [./open/src/hotspot/share/classfile/systemDictionary.cpp, line 226]
Event: 4.084 Thread 0x0000028f8a66b800 Exception <a 'java/lang/ClassNotFoundException'{0x000000008850bbc0}: org/springframework/beans/factory/AwareCustomizer> (0x000000008850bbc0) thrown at [./open/src/hotspot/share/classfile/systemDictionary.cpp, line 226]
Event: 4.084 Thread 0x0000028f8a66b800 Exception <a 'java/lang/ClassNotFoundException'{0x0000000088514c98}: org/springframework/context/EnvironmentAwareCustomizer> (0x0000000088514c98) thrown at [./open/src/hotspot/share/classfile/systemDictionary.cpp, line 226]
Event: 4.085 Thread 0x0000028f8a66b800 Exception <a 'java/lang/ClassNotFoundException'{0x000000008851e7b0}: org/springframework/beans/factory/AwareCustomizer> (0x000000008851e7b0) thrown at [./open/src/hotspot/share/classfile/systemDictionary.cpp, line 226]
Event: 4.326 Thread 0x0000028f8a66b800 Exception <a 'java/lang/IncompatibleClassChangeError'{0x00000000897905b0}: Found class java.lang.Object, but interface was expected> (0x00000000897905b0) thrown at [./open/src/hotspot/share/interpreter/linkResolver.cpp, line 838]
Event: 4.449 Thread 0x0000028f8a66b800 Exception <a 'java/lang/NoSuchMethodError'{0x0000000089460798}: java.lang.invoke.DirectMethodHandle$Holder.invokeInterface(Ljava/lang/Object;Ljava/lang/Object;Ljava/lang/Object;Ljava/lang/Object;)V> (0x0000000089460798) thrown at [./open/src/hotspot/share

Events (10 events):
Event: 5.080 loading class org/springframework/boot/web/server/ErrorPageRegistrar
Event: 5.080 loading class org/springframework/boot/web/server/ErrorPageRegistrar done
Event: 5.080 loading class org/springframework/boot/web/servlet/error/DefaultErrorAttributes
Event: 5.080 loading class org/springframework/boot/web/servlet/error/DefaultErrorAttributes done
Event: 5.081 loading class org/springframework/web/servlet/HandlerExceptionResolver
Event: 5.081 loading class org/springframework/web/servlet/HandlerExceptionResolver done
Event: 5.081 loading class org/springframework/boot/autoconfigure/web/servlet/error/ErrorMvcAutoConfiguration$PreserveErrorControllerTargetClassPostProcessor
Event: 5.081 loading class org/springframework/boot/autoconfigure/web/servlet/error/ErrorMvcAutoConfiguration$PreserveErrorControllerTargetClassPostProcessor done
Event: 5.085 loading class org/springframework/web/servlet/config/annotation/WebMvcConfigurationSupport
Event: 5.085 loading class org/springframework/web/servlet/config/annotation/WebMvcConfigurationSupport done


Dynamic libraries:
0x00007ff66d260000 - 0x00007ff66d26f000 	C:\Program Files\Java\jdk-11.0.15\bin\java.exe
0x00007ffd57f30000 - 0x00007ffd58128000 	C:\Windows\SYSTEM32\ntdll.dll
0x00007ffd56b90000 - 0x00007ffd56c4d000 	C:\Windows\System32\KERNEL32.DLL
0x00007ffd559c0000 - 0x00007ffd55c8e000 	C:\Windows\System32\KERNELBASE.dll
0x00007ffd55700000 - 0x00007ffd55800000 	C:\Windows\System32\ucrtbase.dll
0x00007ffd44ed0000 - 0x00007ffd44ee8000 	C:\Program Files\Java\jdk-11.0.15\bin\jli.dll
0x00007ffd572e0000 - 0x00007ffd5738e000 	C:\Windows\System32\ADVAPI32.dll
0x00007ffd56cc0000 - 0x00007ffd56d5e000 	C:\Windows\System32\msvcrt.dll
0x00007ffd576f0000 - 0x00007ffd5778c000 	C:\Windows\System32\sechost.dll
0x00007ffd56a00000 - 0x00007ffd56b25000 	C:\Windows\System32\RPCRT4.dll
0x00007ffd57790000 - 0x00007ffd57930000 	C:\Windows\System32\USER32.dll
0x00007ffd556a0000 - 0x00007ffd556c2000 	C:\Windows\System32\win32u.dll
0x00007ffd571a0000 - 0x00007ffd571ca000 	C:\Windows\System32\GDI32.dll
0x00007ffd55e80000 - 0x00007ffd55f8b000 	C:\Windows\System32\gdi32full.dll
0x00007ffd55870000 - 0x00007ffd5590d000 	C:\Windows\System32\msvcp_win.dll
0x00007ffd443d0000 - 0x00007ffd443e5000 	C:\Program Files\Java\jdk-11.0.15\bin\VCRUNTIME140.dll
0x00007ffd446c0000 - 0x00007ffd4495a000 	C:\Windows\WinSxS\amd64_microsoft.windows.common-controls_6595b64144ccf1df_6.0.19041.1110_none_60b5254171f9507e\COMCTL32.dll
0x00007ffd4dbc0000 - 0x00007ffd4dbca000 	C:\Windows\SYSTEM32\VERSION.dll
0x00007ffd569d0000 - 0x00007ffd56a00000 	C:\Windows\System32\IMM32.DLL
0x00007ffd36ec0000 - 0x00007ffd36f5b000 	C:\Program Files\Java\jdk-11.0.15\bin\msvcp140.dll
0x00007ffd1c500000 - 0x00007ffd1d016000 	C:\Program Files\Java\jdk-11.0.15\bin\server\jvm.dll
0x00007ffd56f30000 - 0x00007ffd56f38000 	C:\Windows\System32\PSAPI.DLL
0x00007ffd4b1c0000 - 0x00007ffd4b1c9000 	C:\Windows\SYSTEM32\WSOCK32.dll
0x00007ffd57a10000 - 0x00007ffd57a7b000 	C:\Windows\System32\WS2_32.dll
0x00007ffd44ef0000 - 0x00007ffd44f17000 	C:\Windows\SYSTEM32\WINMM.dll
0x00007ffd53530000 - 0x00007ffd53542000 	C:\Windows\SYSTEM32\kernel.appcore.dll
0x00007ffd4a920000 - 0x00007ffd4a930000 	C:\Program Files\Java\jdk-11.0.15\bin\verify.dll
0x00007ffd4df40000 - 0x00007ffd4e124000 	C:\Windows\SYSTEM32\DBGHELP.DLL
0x00007ffd4df10000 - 0x00007ffd4df3c000 	C:\Windows\SYSTEM32\dbgcore.DLL
0x00007ffd55df0000 - 0x00007ffd55e72000 	C:\Windows\System32\bcryptPrimitives.dll
0x00007ffd43c50000 - 0x00007ffd43c78000 	C:\Program Files\Java\jdk-11.0.15\bin\java.dll
0x00007ffd443c0000 - 0x00007ffd443ca000 	C:\Program Files\Java\jdk-11.0.15\bin\jimage.dll
0x00007ffd44220000 - 0x00007ffd4422e000 	C:\Program Files\Java\jdk-11.0.15\bin\instrument.dll
0x00007ffd440b0000 - 0x00007ffd440c6000 	C:\Program Files\Java\jdk-11.0.15\bin\zip.dll
0x00007ffd55ff0000 - 0x00007ffd56734000 	C:\Windows\System32\SHELL32.dll
0x00007ffd53730000 - 0x00007ffd53ec4000 	C:\Windows\SYSTEM32\windows.storage.dll
0x00007ffd57390000 - 0x00007ffd576e4000 	C:\Windows\System32\combase.dll
0x00007ffd54f00000 - 0x00007ffd54f30000 	C:\Windows\SYSTEM32\Wldp.dll
0x00007ffd56e80000 - 0x00007ffd56f2d000 	C:\Windows\System32\SHCORE.dll
0x00007ffd56c50000 - 0x00007ffd56ca5000 	C:\Windows\System32\shlwapi.dll
0x00007ffd55590000 - 0x00007ffd555af000 	C:\Windows\SYSTEM32\profapi.dll
0x00007ffd43d80000 - 0x00007ffd43d99000 	C:\Program Files\Java\jdk-11.0.15\bin\net.dll
0x00007ffd4c810000 - 0x00007ffd4c91a000 	C:\Windows\SYSTEM32\WINHTTP.dll
0x00007ffd54ce0000 - 0x00007ffd54d4a000 	C:\Windows\system32\mswsock.dll
0x00007ffd436a0000 - 0x00007ffd436b2000 	C:\Program Files\Java\jdk-11.0.15\bin\nio.dll
0x00007ffd43be0000 - 0x00007ffd43bfa000 	C:\Program Files\JetBrains\IntelliJ IDEA Community Edition 2022.2.1\bin\breakgen64.dll
0x00007ffd549f0000 - 0x00007ffd54a2b000 	C:\Windows\SYSTEM32\IPHLPAPI.DLL
0x00007ffd56960000 - 0x00007ffd56968000 	C:\Windows\System32\NSI.dll
0x00007ffd4e8a0000 - 0x00007ffd4e8b7000 	C:\Windows\SYSTEM32\dhcpcsvc6.DLL
0x00007ffd4e7d0000 - 0x00007ffd4e7ed000 	C:\Windows\SYSTEM32\dhcpcsvc.DLL
0x00007ffd54a30000 - 0x00007ffd54afa000 	C:\Windows\SYSTEM32\DNSAPI.dll
0x00007ffd4bae0000 - 0x00007ffd4baea000 	C:\Windows\System32\rasadhlp.dll
0x00007ffd4c920000 - 0x00007ffd4c9a0000 	C:\Windows\System32\fwpuclnt.dll
0x00007ffd556d0000 - 0x00007ffd556f7000 	C:\Windows\System32\bcrypt.dll
0x00007ffd43bd0000 - 0x00007ffd43bd9000 	C:\Program Files\Java\jdk-11.0.15\bin\management.dll
0x00007ffd43690000 - 0x00007ffd4369b000 	C:\Program Files\Java\jdk-11.0.15\bin\management_ext.dll
0x00007ffd3fcf0000 - 0x00007ffd3fd07000 	C:\Windows\system32\napinsp.dll
0x00007ffd3fcd0000 - 0x00007ffd3fceb000 	C:\Windows\system32\pnrpnsp.dll
0x00007ffd3fcb0000 - 0x00007ffd3fcc5000 	C:\Windows\system32\wshbth.dll
0x00007ffd4ea30000 - 0x00007ffd4ea4d000 	C:\Windows\system32\NLAapi.dll
0x00007ffd3fc90000 - 0x00007ffd3fca2000 	C:\Windows\System32\winrnr.dll

dbghelp: loaded successfully - version: 4.0.5 - missing functions: none
symbol engine: initialized successfully - sym options: 0x614 - pdb path: .;C:\Program Files\Java\jdk-11.0.15\bin;C:\Windows\SYSTEM32;C:\Windows\WinSxS\amd64_microsoft.windows.common-controls_6595b64144ccf1df_6.0.19041.1110_none_60b5254171f9507e;C:\Program Files\Java\jdk-11.0.15\bin\server;C:\Program Files\JetBrains\IntelliJ IDEA Community Edition 2022.2.1\bin

VM Arguments:
jvm_args: -javaagent:C:\Program Files\JetBrains\IntelliJ IDEA Community Edition 2022.2.1\lib\idea_rt.jar=56268:C:\Program Files\JetBrains\IntelliJ IDEA Community Edition 2022.2.1\bin -Dfile.encoding=UTF-8 
java_command: com.training.example.ConfigClientApplication
java_class_path (initial): C:\Users\sfjbs\Downloads\demo\spring-cloud-config-client\target\classes;C:\Users\sfjbs\.m2\repository\org\springframework\cloud\spring-cloud-config-client\3.1.1\spring-cloud-config-client-3.1.1.jar;C:\Users\sfjbs\.m2\repository\org\springframework\boot\spring-boot-autoconfigure\2.6.2\spring-boot-autoconfigure-2.6.2.jar;C:\Users\sfjbs\.m2\repository\org\springframework\boot\spring-boot\2.6.2\spring-boot-2.6.2.jar;C:\Users\sfjbs\.m2\repository\org\springframework\cloud\spring-cloud-commons\3.1.1\spring-cloud-commons-3.1.1.jar;C:\Users\sfjbs\.m2\repository\org\springframework\security\spring-security-crypto\5.6.1\spring-security-crypto-5.6.1.jar;C:\Users\sfjbs\.m2\repository\org\springframework\cloud\spring-cloud-context\3.1.1\spring-cloud-context-3.1.1.jar;C:\Users\sfjbs\.m2\repository\org\springframework\spring-web\5.3.14\spring-web-5.3.14.jar;C:\Users\sfjbs\.m2\repository\org\springframework\spring-beans\5.3.14\spring-beans-5.3.14.jar;C:\Users\sfjbs\.m2\repository\org\springframework\spring-core\5.3.14\spring-core-5.3.14.jar;C:\Users\sfjbs\.m2\repository\org\springframework\spring-jcl\5.3.14\spring-jcl-5.3.14.jar;C:\Users\sfjbs\.m2\repository\com\fasterxml\jackson\core\jackson-annotations\2.13.1\jackson-annotations-2.13.1.jar;C:\Users\sfjbs\.m2\repository\com\fasterxml\jackson\core\jackson-databind\2.13.1\jackson-databind-2.13.1.jar;C:\Users\sfjbs\.m2\repository\com\fasterxml\jackson\core\jackson-core\2.13.1\jackson-core-2.13.1.jar;C:\Users\sfjbs\.m2\repository\org\apache\httpcomponents\httpclient\4.5.13\httpclient-4.5.13.jar;C:\Users\sfjbs\.m2\repository\org\apache\httpcomponents\httpcore\4.4.15\httpcore-4.4.15.jar;C:\Users\sfjbs\.m2\repository\commons-codec\commons-codec\1.15\commons-codec-1.15.jar;C:\Users\sfjbs\.m2\repository\org\springframework\boot\spring-boot-starter-web\2.6.2\spring-boot-starter-web-2.6.2.jar;C:\Users\sfjbs\.m2\repository\org\springframework\boot\spring-boot-starter\2.6.2\spring-boot-starter-2.6.2.jar;C:\Users\sf
Launcher Type: SUN_STANDARD

[Global flags]
     intx CICompilerCount                          = 2                                         {product} {ergonomic}
     uint ConcGCThreads                            = 1                                         {product} {ergonomic}
     uint G1ConcRefinementThreads                  = 2                                         {product} {ergonomic}
   size_t G1HeapRegionSize                         = 1048576                                   {product} {ergonomic}
    uintx GCDrainStackTargetSize                   = 64                                        {product} {ergonomic}
   size_t InitialHeapSize                          = 134217728                                 {product} {ergonomic}
   size_t MarkStackSize                            = 4194304                                   {product} {ergonomic}
   size_t MaxHeapSize                              = 2147483648                                {product} {ergonomic}
   size_t MaxNewSize                               = 1287651328                                {product} {ergonomic}
   size_t MinHeapDeltaBytes                        = 1048576                                   {product} {ergonomic}
    uintx NonNMethodCodeHeapSize                   = 5825164                                {pd product} {ergonomic}
    uintx NonProfiledCodeHeapSize                  = 122916538                              {pd product} {ergonomic}
    uintx ProfiledCodeHeapSize                     = 122916538                              {pd product} {ergonomic}
    uintx ReservedCodeCacheSize                    = 251658240                              {pd product} {ergonomic}
     bool SegmentedCodeCache                       = true                                      {product} {ergonomic}
     bool UseCompressedClassPointers               = true                                 {lp64_product} {ergonomic}
     bool UseCompressedOops                        = true                                 {lp64_product} {ergonomic}
     bool UseG1GC                                  = true                                      {product} {ergonomic}
     bool UseLargePagesIndividualAllocation        = false                                  {pd product} {ergonomic}

Logging:
Log output configuration:
 #0: stdout all=warning uptime,level,tags
 #1: stderr all=off uptime,level,tags

Environment Variables:
PATH=C:\Program Files\Common Files\Oracle\Java\javapath;C:\Windows\system32;C:\Windows;C:\Windows\System32\Wbem;C:\Windows\System32\WindowsPowerShell\v1.0\;C:\Windows\System32\OpenSSH\;C:\Program Files\PuTTY\;C:\Program Files\Git\cmd;C:\Program Files\Docker\Docker\resources\bin;C:\ProgramData\DockerDesktop\version-bin;C:\Users\sfjbs\Downloads\apache-maven-3.8.6-bin\apache-maven-3.8.6\bin;C:\Users\sfjbs\Downloads\apache-maven-3.8.6-bin\apache-maven-3.8.6\lib;C:\Users\sfjbs\AppData\Local\Microsoft\WindowsApps;C:\Program Files\JetBrains\IntelliJ IDEA Community Edition 2022.2.1\bin;
USERNAME=sfjbs
OS=Windows_NT
PROCESSOR_IDENTIFIER=Intel64 Family 6 Model 85 Stepping 7, GenuineIntel



---------------  S Y S T E M  ---------------

OS: Windows 10 , 64 bit Build 19041 (10.0.19041.1889)
Hyper-V role detected

CPU:total 2 (initial active 2) (1 cores per cpu, 2 threads per core) family 6 model 85 stepping 7 microcode 0xffffffff, cmov, cx8, fxsr, mmx, sse, sse2, sse3, ssse3, sse4.1, sse4.2, popcnt, avx, avx2, aes, clmul, erms, rtm, 3dnowpref, lzcnt, ht, tsc, bmi1, bmi2, adx, evex, fma

Memory: 4k page, system-wide physical 8190M (406M free)
TotalPageFile size 10238M (AvailPageFile size 5M)
current process WorkingSet (physical memory assigned to process): 151M, peak: 151M
current process commit charge ("private bytes"): 283M, peak: 284M

vm_info: Java HotSpot(TM) 64-Bit Server VM (11.0.15+8-LTS-149) for windows-amd64 JRE (11.0.15+8-LTS-149), built on Mar  9 2022 22:42:32 by "mach5one" with MS VC++ 15.9 (VS2017)

END.
